<?xml version="1.0" encoding="UTF-8"?>
<testsuite name="br.org.apae.documentos_medicos.ViewDocumentTest" tests="3" skipped="0" failures="0" errors="0" timestamp="2025-08-12T02:14:55.284Z" hostname="pedrogregorio-acer" time="0.009">
  <properties/>
  <testcase name="viewMedicalDocumentShouldThrowWhenBucketDoesNotExist()" classname="br.org.apae.documentos_medicos.ViewDocumentTest" time="0.002"/>
  <testcase name="viewMedicalDocumentShouldReturnDocumentSuccessfully()" classname="br.org.apae.documentos_medicos.ViewDocumentTest" time="0.003"/>
  <testcase name="viewMedicalDocumentShouldThrowWhenDocumentDoesNotExist()" classname="br.org.apae.documentos_medicos.ViewDocumentTest" time="0.003"/>
  <system-out><![CDATA[]]></system-out>
  <system-err><![CDATA[]]></system-err>
</testsuite>
