<?xml version="1.0" encoding="UTF-8"?>
<testsuite name="br.org.apae.documentos_medicos.ListDocumentTest" tests="6" skipped="0" failures="0" errors="0" timestamp="2025-08-12T02:14:55.185Z" hostname="pedrogregorio-acer" time="0.039">
  <properties/>
  <testcase name="listMedicalDocumentShouldThrowWhenDocumentNotFoundByYear()" classname="br.org.apae.documentos_medicos.ListDocumentTest" time="0.014"/>
  <testcase name="getDocumentByTypeShouldReturnDocumentsSuccessfully()" classname="br.org.apae.documentos_medicos.ListDocumentTest" time="0.009"/>
  <testcase name="listMedicalDocumentByYearAndTypeShouldReturnDocumentsSuccessfully()" classname="br.org.apae.documentos_medicos.ListDocumentTest" time="0.004"/>
  <testcase name="listMedicalDocumentShouldThrowWhenBucketDoesNotExist()" classname="br.org.apae.documentos_medicos.ListDocumentTest" time="0.002"/>
  <testcase name="listMedicalDocumentShouldReturnDocumentsSuccessfully()" classname="br.org.apae.documentos_medicos.ListDocumentTest" time="0.003"/>
  <testcase name="getDocumentShouldThrowWhenDocumentNotFoundByType()" classname="br.org.apae.documentos_medicos.ListDocumentTest" time="0.003"/>
  <system-out><![CDATA[]]></system-out>
  <system-err><![CDATA[]]></system-err>
</testsuite>
