<?xml version="1.0" encoding="UTF-8"?>
<testsuite name="br.edu.ifpb.esp.demo.service.MessageServiceTest" tests="5" skipped="0" failures="0" errors="0" timestamp="2025-09-15T13:54:37.024Z" hostname="pedrogregorio-acer" time="0.608">
  <properties/>
  <testcase name="testFindAll()" classname="br.edu.ifpb.esp.demo.service.MessageServiceTest" time="0.594"/>
  <testcase name="testSave()" classname="br.edu.ifpb.esp.demo.service.MessageServiceTest" time="0.004"/>
  <testcase name="testFindById_Found()" classname="br.edu.ifpb.esp.demo.service.MessageServiceTest" time="0.002"/>
  <testcase name="testDeleteById()" classname="br.edu.ifpb.esp.demo.service.MessageServiceTest" time="0.002"/>
  <testcase name="testFindById_NotFound()" classname="br.edu.ifpb.esp.demo.service.MessageServiceTest" time="0.002"/>
  <system-out><![CDATA[]]></system-out>
  <system-err><![CDATA[Mockito is currently self-attaching to enable the inline-mock-maker. This will no longer work in future releases of the JDK. Please add Mockito as an agent to your build what is described in Mockito's documentation: https://javadoc.io/doc/org.mockito/mockito-core/latest/org/mockito/Mockito.html#0.3
WARNING: A Java agent has been loaded dynamically (/home/pedro-gregorio/.gradle/caches/modules-2/files-2.1/net.bytebuddy/byte-buddy-agent/1.15.11/a38b16385e867f59a641330f0362ebe742788ed8/byte-buddy-agent-1.15.11.jar)
WARNING: If a serviceability tool is in use, please run with -XX:+EnableDynamicAgentLoading to hide this warning
WARNING: If a serviceability tool is not in use, please run with -Djdk.instrument.traceUsage for more information
WARNING: Dynamic loading of agents will be disallowed by default in a future release
]]></system-err>
</testsuite>
