<?xml version="1.0" encoding="UTF-8"?>
<testsuite name="br.org.apae.documentos_escolares.DocumentosEscolaresApplicationTests" tests="1" skipped="0" failures="0" errors="0" timestamp="2025-08-12T02:14:56.339Z" hostname="pedrogregorio-acer" time="0.414">
  <properties/>
  <testcase name="contextLoads()" classname="br.org.apae.documentos_escolares.DocumentosEscolaresApplicationTests" time="0.414"/>
  <system-out><![CDATA[23:14:54.275 [Test worker] INFO org.springframework.test.context.support.AnnotationConfigContextLoaderUtils -- Could not detect default configuration classes for test class [br.org.apae.documentos_escolares.DocumentosEscolaresApplicationTests]: DocumentosEscolaresApplicationTests does not declare any static, non-private, non-final, nested classes annotated with @Configuration.
23:14:54.362 [Test worker] INFO org.springframework.boot.test.context.SpringBootTestContextBootstrapper -- Found @SpringBootConfiguration br.org.apae.documentos_escolares.DocumentosEscolaresApplication for test class br.org.apae.documentos_escolares.DocumentosEscolaresApplicationTests

  .   ____          _            __ _ _
 /\\ / ___'_ __ _ _(_)_ __  __ _ \ \ \ \
( ( )\___ | '_ | '_| | '_ \/ _` | \ \ \ \
 \\/  ___)| |_)| | | | | || (_| |  ) ) ) )
  '  |____| .__|_| |_|_| |_\__, | / / / /
 =========|_|==============|___/=/_/_/_/

 :: Spring Boot ::                (v3.4.5)

2025-08-11T23:14:54.717-03:00  INFO 421081 --- [documentos-escolares] [    Test worker] .a.d.DocumentosEscolaresApplicationTests : Starting DocumentosEscolaresApplicationTests using Java 21.0.8 with PID 421081 (started by pedro-gregorio in /home/pedro-gregorio/Documentos/pedro/Projeto-Sistemas/APAE/api/documentos-escolares)
2025-08-11T23:14:54.719-03:00  INFO 421081 --- [documentos-escolares] [    Test worker] .a.d.DocumentosEscolaresApplicationTests : No active profile set, falling back to 1 default profile: "default"
2025-08-11T23:14:56.317-03:00  INFO 421081 --- [documentos-escolares] [    Test worker] .a.d.DocumentosEscolaresApplicationTests : Started DocumentosEscolaresApplicationTests in 1.829 seconds (process running for 2.699)
]]></system-out>
  <system-err><![CDATA[Mockito is currently self-attaching to enable the inline-mock-maker. This will no longer work in future releases of the JDK. Please add Mockito as an agent to your build what is described in Mockito's documentation: https://javadoc.io/doc/org.mockito/mockito-core/latest/org/mockito/Mockito.html#0.3
WARNING: A Java agent has been loaded dynamically (/home/pedro-gregorio/.gradle/caches/modules-2/files-2.1/net.bytebuddy/byte-buddy-agent/1.15.11/a38b16385e867f59a641330f0362ebe742788ed8/byte-buddy-agent-1.15.11.jar)
WARNING: If a serviceability tool is in use, please run with -XX:+EnableDynamicAgentLoading to hide this warning
WARNING: If a serviceability tool is not in use, please run with -Djdk.instrument.traceUsage for more information
WARNING: Dynamic loading of agents will be disallowed by default in a future release
]]></system-err>
</testsuite>
